TN:
SF:/home/wruslan/workspaces-gnat/gnatstudio-c/gnat_c_cnc-04/src/curves/c_position.c
FN:19,fxn_cpos_x
FNDA:326212,fxn_cpos_x
FN:137,fxn_cpos_y
FNDA:326212,fxn_cpos_y
FN:256,fxn_cpos_r
FNDA:112968,fxn_cpos_r
FN:267,fxn_cpos_magn
FNDA:0,fxn_cpos_magn
FN:274,fxn_cpos_uvect_x
FNDA:0,fxn_cpos_uvect_x
FN:280,fxn_cpos_uvect_y
FNDA:0,fxn_cpos_uvect_y
FN:286,fxn_cpos_theta_rad
FNDA:0,fxn_cpos_theta_rad
FN:292,fxn_cpos_theta_deg
FNDA:0,fxn_cpos_theta_deg
FN:298,fxn_cpos_epsilon
FNDA:3120354,fxn_cpos_epsilon
FN:306,fxn_cpos_rho
FNDA:338904,fxn_cpos_rho
FN:314,fxn_cpos_curvature
FNDA:0,fxn_cpos_curvature
FN:320,fxn_calc_deltaS_use_rho_eps
FNDA:45188,fxn_calc_deltaS_use_rho_eps
FN:333,fxn_calc_chordlength_use_paramcurve
FNDA:45188,fxn_calc_chordlength_use_paramcurve
FN:351,fxn_calc_eps_use_paramcurve
FNDA:0,fxn_calc_eps_use_paramcurve
FN:375,fxn_calc_rho_use_paramcurve
FNDA:0,fxn_calc_rho_use_paramcurve
FN:392,fxn_calc_deg_to_rad
FNDA:0,fxn_calc_deg_to_rad
FN:399,fxn_calc_rad_to_deg
FNDA:0,fxn_calc_rad_to_deg
FN:408,fxn_calc_arc_length
FNDA:22592,fxn_calc_arc_length
FN:442,fxn_calc_arc_theta
FNDA:45184,fxn_calc_arc_theta
FN:467,fxn_calc_arc_area
FNDA:22592,fxn_calc_arc_area
DA:19,326212
DA:23,326212
DA:24,326212
DA:25,326212
DA:26,326212
DA:137,326212
DA:143,326212
DA:144,326212
DA:145,326212
DA:146,326212
DA:256,112968
DA:258,112968
DA:259,112968
DA:260,112968
DA:262,112968
DA:267,0
DA:268,0
DA:274,0
DA:275,0
DA:280,0
DA:281,0
DA:286,0
DA:287,0
DA:292,0
DA:293,0
DA:298,3120354
DA:300,3120354
DA:301,3120354
DA:306,338904
DA:309,338904
DA:314,0
DA:316,0
DA:320,45188
DA:325,45188
DA:326,45188
DA:327,45188
DA:328,45188
DA:330,45188
DA:333,45188
DA:340,45188
DA:341,45188
DA:342,45188
DA:343,45188
DA:345,45188
DA:347,45188
DA:351,0
DA:359,0
DA:371,0
DA:375,0
DA:385,0
DA:387,0
DA:392,0
DA:394,0
DA:395,0
DA:399,0
DA:401,0
DA:402,0
DA:408,22592
DA:413,22592
DA:426,22592
DA:427,22592
DA:428,22592
DA:429,22592
DA:436,22592
DA:438,22592
DA:442,45184
DA:450,45184
DA:451,45184
DA:454,45184
DA:456,4
DA:458,45180
DA:462,45184
DA:467,22592
DA:476,22592
DA:479,22592
DA:483,22592
DA:488,22592
DA:492,22592
end_of_record
SF:/home/wruslan/workspaces-gnat/gnatstudio-c/gnat_c_cnc-04/src/curves/c_pos_rho.h
FN:12,fxn_c_radiuscurvature_rho_at_u
FNDA:338904,fxn_c_radiuscurvature_rho_at_u
DA:12,338904
DA:44,338904
DA:45,338904
DA:46,338904
DA:47,338904
DA:50,338904
DA:51,338904
DA:53,338904
DA:55,338904
end_of_record
SF:/home/wruslan/workspaces-gnat/gnatstudio-c/gnat_c_cnc-04/src/curves/c_pos_epsilon.h
FN:27,fxn_max_element_array
FNDA:3120354,fxn_max_element_array
FN:42,fxn_min_element_array
FNDA:0,fxn_min_element_array
FN:57,proc_initialize_zero_all_arc_arrays
FNDA:3120354,proc_initialize_zero_all_arc_arrays
FN:77,fxn_x
FNDA:68647788,fxn_x
FN:81,fxn_y
FNDA:68647788,fxn_y
FN:86,proc_populate_arc_array_points
FNDA:3120354,proc_populate_arc_array_points
FN:122,fxn_c_epsilon_for_arc_u_to_u_next
FNDA:3120354,fxn_c_epsilon_for_arc_u_to_u_next
DA:27,3120354
DA:31,3120354
DA:32,65527434
DA:33,62407080
DA:34,31203500
DA:38,3120354
DA:42,0
DA:46,0
DA:47,0
DA:48,0
DA:49,0
DA:53,0
DA:57,3120354
DA:60,68647788
DA:63,65527434
DA:64,65527434
DA:65,65527434
DA:66,65527434
DA:67,65527434
DA:68,65527434
DA:69,65527434
DA:70,65527434
DA:71,65527434
DA:74,3120354
DA:77,68647788
DA:78,68647788
DA:81,68647788
DA:82,68647788
DA:86,3120354
DA:90,3120354
DA:93,3120354
DA:94,3120354
DA:95,3120354
DA:98,3120354
DA:103,65527434
DA:104,62407080
DA:105,62407080
DA:106,62407080
DA:110,3120354
DA:111,3120354
DA:112,3120354
DA:119,3120354
DA:122,3120354
DA:125,3120354
DA:129,3120354
DA:135,3120354
DA:136,3120354
DA:137,3120354
DA:144,3120354
DA:147,3120354
DA:152,68647788
DA:154,65527434
DA:155,65527434
DA:156,65527434
DA:162,62407080
DA:164,59286726
DA:165,59286726
DA:166,59286726
DA:174,3120354
DA:175,3120354
DA:177,3120354
DA:179,3120354
end_of_record
TN:
SF:/home/wruslan/workspaces-gnat/gnatstudio-c/gnat_c_cnc-04/src/main_c_cnc_gnat.c
FN:165,proc_display_exit_status
FNDA:0,proc_display_exit_status
FN:520,main
FNDA:2,main
DA:165,0
DA:168,0
DA:171,0
DA:172,0
DA:173,0
DA:174,0
DA:175,0
DA:176,0
DA:178,0
DA:179,0
DA:180,0
DA:181,0
DA:182,0
DA:183,0
DA:185,0
DA:186,0
DA:187,0
DA:188,0
DA:189,0
DA:190,0
DA:191,0
DA:192,0
DA:193,0
DA:194,0
DA:195,0
DA:196,0
DA:197,0
DA:198,0
DA:199,0
DA:201,0
DA:520,2
DA:527,2
DA:530,2
DA:531,2
DA:534,2
DA:536,2
DA:537,2
DA:538,2
DA:543,22594
DA:554,22592
DA:555,22592
DA:569,22592
DA:571,3026
DA:572,3026
DA:573,3026
DA:574,3026
DA:575,3026
DA:578,22592
DA:580,0
DA:581,0
DA:582,0
DA:583,0
DA:584,0
DA:587,22592
DA:588,22592
DA:590,2
DA:594,22590
DA:601,22592
DA:603,24
DA:604,24
DA:605,24
DA:606,24
DA:607,24
DA:610,22592
DA:612,0
DA:613,0
DA:614,0
DA:615,0
DA:616,0
DA:619,22592
DA:620,22592
DA:622,2
DA:626,22590
DA:632,22592
DA:634,5724
DA:635,5724
DA:636,5724
DA:637,5724
DA:638,5724
DA:641,22592
DA:643,0
DA:644,0
DA:645,0
DA:646,0
DA:647,0
DA:650,22592
DA:651,22592
DA:653,2
DA:657,22590
DA:663,22592
DA:665,186
DA:666,186
DA:667,186
DA:668,186
DA:669,186
DA:672,22592
DA:674,938
DA:675,938
DA:676,938
DA:677,938
DA:678,938
DA:681,22592
DA:682,22592
DA:684,2
DA:688,22590
DA:696,22592
DA:697,22592
DA:707,22592
DA:716,22592
DA:727,22592
DA:732,22592
DA:733,22592
DA:747,22592
DA:755,22592
DA:757,740
DA:763,740
DA:766,740
DA:770,740
DA:771,740
DA:772,740
DA:773,740
DA:776,740
DA:781,740
DA:783,740
DA:784,740
DA:786,142
DA:789,740
DA:791,0
DA:794,740
DA:795,740
DA:802,22592
DA:808,21112
DA:810,14968
DA:812,14968
DA:815,14968
DA:816,14968
DA:817,14968
DA:820,5515558
DA:822,5500590
DA:823,5500590
DA:824,5500590
DA:831,14968
DA:832,14968
DA:834,14968
DA:836,8826
DA:839,14968
DA:841,24
DA:844,14968
DA:846,0
DA:854,6144
DA:857,6144
DA:863,6144
DA:866,6144
DA:867,6144
DA:871,5479926
DA:873,5473782
DA:874,5473782
DA:875,5473782
DA:881,6144
DA:882,6144
DA:884,6144
DA:886,0
DA:889,6144
DA:891,0
DA:894,6144
DA:896,24
DA:904,21112
DA:907,0
DA:913,0
DA:916,0
DA:917,0
DA:927,22592
DA:930,740
DA:932,740
DA:937,740
DA:938,740
DA:939,740
DA:940,740
DA:943,740
DA:947,740
DA:948,740
DA:949,740
DA:951,740
DA:953,0
DA:955,740
DA:957,202
DA:969,22592
DA:970,22592
DA:973,22592
DA:977,22592
DA:981,22592
DA:985,22592
DA:994,22592
DA:997,3440
DA:1000,3440
DA:1004,3440
DA:1007,3440
DA:1011,19152
DA:1016,22592
DA:1024,22592
DA:1026,0
DA:1028,22592
DA:1030,2230
DA:1032,20362
DA:1034,20362
DA:1041,22592
DA:1051,22592
DA:1052,22592
DA:1053,22592
DA:1056,22592
DA:1057,22592
DA:1058,22592
DA:1064,22592
DA:1078,22592
DA:1082,22592
DA:1094,22592
DA:1097,22592
DA:1105,22592
DA:1108,22592
DA:1119,22592
DA:1126,22592
DA:1131,22592
DA:1133,0
DA:1135,22592
DA:1137,22592
DA:1139,0
DA:1141,0
DA:1143,0
DA:1145,0
DA:1147,0
DA:1149,0
DA:1151,0
DA:1153,0
DA:1157,0
DA:1161,22592
DA:1166,22592
DA:1167,22592
DA:1196,22592
DA:1197,22592
DA:1220,22592
DA:1222,22592
DA:1225,22592
DA:1229,22592
DA:1233,22592
DA:1234,22592
DA:1236,22592
DA:1244,22592
DA:1250,22592
DA:1257,22592
DA:1259,22592
DA:1260,22592
DA:1261,22592
DA:1263,22592
DA:1264,22592
DA:1267,22592
DA:1268,22592
DA:1270,22592
DA:1271,22592
DA:1273,22592
DA:1274,22592
DA:1275,22592
DA:1277,22592
DA:1278,22592
DA:1279,22592
DA:1280,22592
DA:1282,22592
DA:1283,22592
DA:1284,22592
DA:1291,22592
DA:1292,0
DA:1293,0
DA:1296,22592
DA:1297,0
DA:1298,0
DA:1301,22592
DA:1302,0
DA:1303,0
DA:1306,22592
DA:1307,0
DA:1308,0
DA:1311,22592
DA:1312,0
DA:1313,0
DA:1315,0
DA:1316,0
DA:1318,0
DA:1320,0
DA:1321,0
DA:1328,22592
DA:1329,0
DA:1330,0
DA:1333,22592
DA:1334,0
DA:1335,0
DA:1338,22592
DA:1339,0
DA:1340,0
DA:1343,22592
DA:1344,0
DA:1345,0
DA:1348,22592
DA:1349,0
DA:1350,0
DA:1352,0
DA:1353,0
DA:1355,0
DA:1357,0
DA:1358,0
DA:1365,22592
DA:1367,22592
DA:1368,5998
DA:1371,22592
DA:1372,2
DA:1373,2
DA:1374,2
DA:1375,2
DA:1376,2
DA:1377,2
DA:1378,2
DA:1379,2
DA:1380,2
DA:1381,0
DA:1382,0
DA:1383,0
DA:1384,0
DA:1385,0
DA:1386,0
DA:1387,0
DA:1388,0
DA:1389,0
DA:1390,0
DA:1391,0
DA:1392,0
DA:1393,0
DA:1394,0
DA:1395,0
DA:1396,0
DA:1397,0
DA:1398,0
DA:1399,0
DA:1400,0
DA:1401,0
DA:1402,0
DA:1403,0
DA:1404,0
DA:1406,22586
DA:1407,22586
DA:1411,22592
DA:1413,0
DA:1415,22592
DA:1417,0
DA:1421,22592
DA:1423,0
DA:1424,0
DA:1425,0
DA:1426,0
DA:1428,0
DA:1429,0
DA:1436,22592
DA:1439,2
DA:1441,2
DA:1442,2
DA:1443,2
DA:1444,2
DA:1446,2
DA:1447,2
DA:1448,2
DA:1450,2
DA:1451,2
DA:1452,2
DA:1456,2
DA:1457,2
DA:1458,2
DA:1459,2
DA:1460,2
DA:1461,2
DA:1465,2
DA:1467,2
DA:1470,2
DA:1474,2
DA:1478,2
DA:1485,2
DA:1494,2
DA:1495,2
DA:1514,2
DA:1515,2
DA:1538,2
DA:1547,2
DA:1548,2
DA:1549,2
DA:1552,2
DA:1553,2
DA:1554,2
DA:1555,2
DA:1556,2
DA:1557,2
DA:1558,2
DA:1559,2
DA:1560,2
DA:1562,2
DA:1564,2
DA:1565,2
DA:1566,2
DA:1567,2
DA:1568,2
DA:1570,2
DA:1571,2
DA:1572,2
DA:1573,2
DA:1574,2
DA:1575,2
DA:1576,2
DA:1577,2
DA:1578,2
DA:1579,2
DA:1580,2
DA:1582,2
DA:1583,2
DA:1585,2
DA:1588,2
DA:1594,2
DA:1604,2
DA:1609,2
DA:1616,2
DA:1621,2
DA:1626,2
DA:1632,2
DA:1638,2
DA:1647,2
DA:1650,2
DA:1653,2
DA:1663,2
DA:1664,2
DA:1665,2
end_of_record
SF:/home/wruslan/workspaces-gnat/gnatstudio-c/gnat_c_cnc-04/src/files/module_open_close_files.h
FN:79,fxn_open_data_01
FNDA:2,fxn_open_data_01
FN:85,fxn_open_data_02
FNDA:2,fxn_open_data_02
FN:92,fxn_open_data_raw_curve
FNDA:2,fxn_open_data_raw_curve
FN:99,fxn_open_data_calc_u_next
FNDA:2,fxn_open_data_calc_u_next
FN:105,fxn_open_data_calc_tang_accn
FNDA:2,fxn_open_data_calc_tang_accn
FN:111,fxn_open_data_calc_t_look
FNDA:2,fxn_open_data_calc_t_look
FN:117,fxn_open_data_calc_frate_limit
FNDA:2,fxn_open_data_calc_frate_limit
FN:123,fxn_open_data_calc_intgr_error
FNDA:2,fxn_open_data_calc_intgr_error
FN:129,fxn_open_data_ngc_code
FNDA:2,fxn_open_data_ngc_code
FN:136,proc_open_all_files
FNDA:2,proc_open_all_files
FN:152,proc_writeheader_data_01
FNDA:2,proc_writeheader_data_01
FN:160,proc_writefooter_data_01
FNDA:2,proc_writefooter_data_01
FN:167,proc_writeheader_data_02
FNDA:2,proc_writeheader_data_02
FN:174,proc_writefooter_data_02
FNDA:2,proc_writefooter_data_02
FN:182,proc_writeheader_all_files
FNDA:2,proc_writeheader_all_files
FN:198,proc_writefooter_all_files
FNDA:2,proc_writefooter_all_files
FN:214,fxn_close_data_01
FNDA:2,fxn_close_data_01
FN:220,fxn_close_data_02
FNDA:2,fxn_close_data_02
FN:226,fxn_close_data_raw_curve
FNDA:2,fxn_close_data_raw_curve
FN:233,fxn_close_data_calc_u_next
FNDA:2,fxn_close_data_calc_u_next
FN:239,fxn_close_data_calc_tang_accn
FNDA:2,fxn_close_data_calc_tang_accn
FN:245,fxn_close_data_calc_t_look
FNDA:2,fxn_close_data_calc_t_look
FN:251,fxn_close_data_calc_frate_limit
FNDA:2,fxn_close_data_calc_frate_limit
FN:257,fxn_close_data_calc_intgr_error
FNDA:2,fxn_close_data_calc_intgr_error
FN:264,fxn_close_data_ngc_code
FNDA:2,fxn_close_data_ngc_code
FN:270,proc_close_all_files
FNDA:2,proc_close_all_files
DA:79,2
DA:81,2
DA:85,2
DA:87,2
DA:92,2
DA:94,2
DA:99,2
DA:101,2
DA:105,2
DA:107,2
DA:111,2
DA:113,2
DA:117,2
DA:119,2
DA:123,2
DA:125,2
DA:129,2
DA:131,2
DA:136,2
DA:139,2
DA:140,2
DA:141,2
DA:142,2
DA:143,2
DA:144,2
DA:145,2
DA:146,2
DA:147,2
DA:149,2
DA:152,2
DA:154,2
DA:155,2
DA:157,2
DA:160,2
DA:162,2
DA:163,2
DA:164,2
DA:167,2
DA:169,2
DA:170,2
DA:171,2
DA:174,2
DA:176,2
DA:177,2
DA:179,2
DA:182,2
DA:185,2
DA:186,2
DA:187,2
DA:188,2
DA:189,2
DA:190,2
DA:191,2
DA:192,2
DA:195,2
DA:198,2
DA:201,2
DA:202,2
DA:203,2
DA:204,2
DA:205,2
DA:206,2
DA:207,2
DA:208,2
DA:210,2
DA:214,2
DA:216,2
DA:220,2
DA:222,2
DA:226,2
DA:228,2
DA:233,2
DA:235,2
DA:239,2
DA:241,2
DA:245,2
DA:247,2
DA:251,2
DA:253,2
DA:257,2
DA:259,2
DA:264,2
DA:266,2
DA:270,2
DA:274,2
DA:275,2
DA:276,2
DA:277,2
DA:278,2
DA:279,2
DA:280,2
DA:281,2
DA:282,2
DA:284,2
end_of_record
SF:/home/wruslan/workspaces-gnat/gnatstudio-c/gnat_c_cnc-04/src/common/c_dtstamp.c
FN:44,get_time_stamp
FNDA:0,get_time_stamp
FN:65,get_datetime_stamp
FNDA:36,get_datetime_stamp
FN:87,DTStamp
FNDA:20,DTStamp
FN:104,current_working_directory
FNDA:0,current_working_directory
FN:115,WRY_starting_salutation
FNDA:2,WRY_starting_salutation
FN:127,WRY_ending_salutation
FNDA:2,WRY_ending_salutation
FN:135,total_program_duration
FNDA:2,total_program_duration
FN:157,display_date_only
FNDA:0,display_date_only
FN:169,display_resolution_date_time
FNDA:0,display_resolution_date_time
FN:189,sleep_sec
FNDA:0,sleep_sec
FN:198,sleep_msec
FNDA:0,sleep_msec
FN:206,sleep_usec
FNDA:0,sleep_usec
FN:214,sleep_nsec
FNDA:0,sleep_nsec
FN:223,start_timer
FNDA:2,start_timer
FN:233,duration_timer
FNDA:2,duration_timer
FN:254,stop_timer
FNDA:2,stop_timer
FN:266,duration_thread
FNDA:0,duration_thread
FN:288,duration
FNDA:0,duration
DA:44,0
DA:46,0
DA:47,0
DA:48,0
DA:50,0
DA:52,0
DA:53,0
DA:57,0
DA:60,0
DA:62,0
DA:65,36
DA:67,36
DA:68,36
DA:69,36
DA:71,36
DA:72,36
DA:73,36
DA:77,36
DA:80,36
DA:82,36
DA:87,20
DA:89,20
DA:91,20
DA:92,20
DA:94,20
DA:96,20
DA:99,20
DA:100,20
DA:101,20
DA:104,0
DA:107,0
DA:108,0
DA:110,0
DA:113,0
DA:115,2
DA:117,2
DA:118,2
DA:120,2
DA:121,2
DA:122,2
DA:123,2
DA:124,2
DA:125,2
DA:127,2
DA:129,2
DA:130,2
DA:131,2
DA:132,2
DA:133,2
DA:135,2
DA:137,2
DA:138,2
DA:141,2
DA:142,1
DA:143,1
DA:145,1
DA:146,1
DA:149,2
DA:150,2
DA:151,2
DA:152,2
DA:153,2
DA:155,2
DA:157,0
DA:159,0
DA:160,0
DA:161,0
DA:163,0
DA:164,0
DA:165,0
DA:166,0
DA:169,0
DA:172,0
DA:173,0
DA:174,0
DA:183,0
DA:189,0
DA:193,0
DA:194,0
DA:195,0
DA:196,0
DA:198,0
DA:201,0
DA:202,0
DA:203,0
DA:204,0
DA:206,0
DA:209,0
DA:210,0
DA:211,0
DA:212,0
DA:214,0
DA:217,0
DA:218,0
DA:219,0
DA:220,0
DA:223,2
DA:225,2
DA:226,2
DA:228,2
DA:229,2
DA:230,2
DA:233,2
DA:237,2
DA:238,1
DA:239,1
DA:241,1
DA:242,1
DA:245,2
DA:246,2
DA:247,2
DA:249,2
DA:251,2
DA:254,2
DA:256,2
DA:257,2
DA:259,2
DA:260,2
DA:261,2
DA:262,2
DA:263,2
DA:266,0
DA:271,0
DA:272,0
DA:273,0
DA:275,0
DA:276,0
DA:279,0
DA:280,0
DA:281,0
DA:283,0
DA:285,0
DA:288,0
DA:292,0
DA:293,0
DA:294,0
DA:296,0
DA:297,0
DA:299,0
end_of_record
TN:
SF:/home/wruslan/workspaces-gnat/gnatstudio-c/gnat_c_cnc-04/src/common/c_min_max_int_dbl_in_array.c
FN:9,fxn_get_max_element_arraydoubles
FNDA:67780,fxn_get_max_element_arraydoubles
FN:24,fxn_get_min_element_arraydoubles
FNDA:203338,fxn_get_min_element_arraydoubles
FN:39,fxn_get_max_element_arrayints
FNDA:0,fxn_get_max_element_arrayints
FN:54,fxn_get_min_element_arrayints
FNDA:0,fxn_get_min_element_arrayints
DA:9,67780
DA:13,67780
DA:14,135560
DA:15,67780
DA:16,54862
DA:20,67780
DA:24,203338
DA:28,203338
DA:29,497048
DA:30,293710
DA:31,124384
DA:35,203338
DA:39,0
DA:43,0
DA:44,0
DA:45,0
DA:46,0
DA:50,0
DA:54,0
DA:58,0
DA:59,0
DA:60,0
DA:61,0
DA:65,0
end_of_record
TN:
SF:/home/wruslan/workspaces-gnat/gnatstudio-c/gnat_c_cnc-04/src/algo/calc00_parametric_curve.c
FN:13,proc_writeheader_data_raw_curve
FNDA:2,proc_writeheader_data_raw_curve
FN:27,proc_write_raw_curves
FNDA:22594,proc_write_raw_curves
FN:55,proc_writefooter_data_raw_curve
FNDA:2,proc_writefooter_data_raw_curve
DA:13,2
DA:17,2
DA:22,2
DA:23,2
DA:27,22594
DA:31,22594
DA:32,22594
DA:33,22594
DA:35,22594
DA:36,22594
DA:37,22594
DA:39,22594
DA:40,22594
DA:41,22594
DA:43,22594
DA:44,22594
DA:46,22594
DA:52,22594
DA:55,2
DA:59,2
DA:64,2
DA:65,2
end_of_record
TN:
SF:/home/wruslan/workspaces-gnat/gnatstudio-c/gnat_c_cnc-04/src/curves/c_velocity.c
FN:11,fxn_cvel_x
FNDA:1061882,fxn_cvel_x
FN:155,fxn_cvel_y
FNDA:1061882,fxn_cvel_y
FN:299,fxn_cvel_r
FNDA:519640,fxn_cvel_r
FN:311,fxn_get_dx_snailshell
FNDA:0,fxn_get_dx_snailshell
FN:328,fxn_get_dy_snailshell
FNDA:0,fxn_get_dy_snailshell
DA:11,1061882
DA:16,1061882
DA:17,1061882
DA:19,1061882
DA:20,1061882
DA:155,1061882
DA:160,1061882
DA:161,1061882
DA:163,1061882
DA:164,1061882
DA:299,519640
DA:301,519640
DA:302,519640
DA:303,519640
DA:305,519640
DA:311,0
DA:314,0
DA:315,0
DA:317,0
DA:318,0
DA:319,0
DA:320,0
DA:322,0
DA:323,0
DA:328,0
DA:331,0
DA:332,0
DA:334,0
DA:335,0
DA:336,0
DA:337,0
DA:339,0
DA:340,0
end_of_record
TN:
SF:/home/wruslan/workspaces-gnat/gnatstudio-c/gnat_c_cnc-04/src/curves/c_accelern.c
FN:11,fxn_cacc_x
FNDA:1558948,fxn_cacc_x
FN:234,fxn_cacc_y
FNDA:1558948,fxn_cacc_y
FN:459,fxn_cacc_r
FNDA:722988,fxn_cacc_r
FN:469,fxn_get_d2x_snailshell
FNDA:0,fxn_get_d2x_snailshell
FN:508,fxn_get_d2y_snailshell
FNDA:0,fxn_get_d2y_snailshell
DA:11,1558948
DA:15,1558948
DA:16,1558948
DA:19,1558948
DA:20,1558948
DA:234,1558948
DA:239,1558948
DA:240,1558948
DA:243,1558948
DA:244,1558948
DA:459,722988
DA:461,722988
DA:462,722988
DA:463,722988
DA:465,722988
DA:469,0
DA:473,0
DA:474,0
DA:477,0
DA:478,0
DA:479,0
DA:480,0
DA:481,0
DA:482,0
DA:484,0
DA:485,0
DA:486,0
DA:487,0
DA:488,0
DA:489,0
DA:491,0
DA:492,0
DA:494,0
DA:495,0
DA:497,0
DA:498,0
DA:499,0
DA:502,0
DA:503,0
DA:508,0
DA:512,0
DA:513,0
DA:516,0
DA:517,0
DA:518,0
DA:520,0
DA:521,0
DA:522,0
DA:524,0
DA:525,0
DA:526,0
DA:528,0
DA:529,0
DA:530,0
DA:532,0
DA:533,0
DA:535,0
DA:536,0
DA:538,0
DA:539,0
DA:540,0
DA:543,0
DA:544,0
end_of_record
TN:
SF:/home/wruslan/workspaces-gnat/gnatstudio-c/gnat_c_cnc-04/src/algo/write_ngc_code.c
FN:20,proc_writeheader_data_ngc_code
FNDA:2,proc_writeheader_data_ngc_code
FN:55,proc_writefooter_data_ngc_code
FNDA:2,proc_writefooter_data_ngc_code
FN:69,proc_write_data_ngc_code
FNDA:22594,proc_write_data_ngc_code
DA:20,2
DA:24,2
DA:27,2
DA:28,2
DA:30,2
DA:31,2
DA:32,2
DA:33,2
DA:34,2
DA:35,2
DA:36,2
DA:40,2
DA:41,2
DA:42,2
DA:45,2
DA:46,2
DA:47,2
DA:51,2
DA:55,2
DA:59,2
DA:60,2
DA:61,2
DA:62,2
DA:63,2
DA:64,2
DA:66,2
DA:69,22594
DA:75,22594
DA:77,22594
DA:78,22594
DA:79,22594
DA:81,22594
DA:82,22594
DA:85,22594
DA:87,8842
DA:91,22594
DA:93,6128
DA:98,22594
DA:100,766
DA:104,22594
DA:105,22594
DA:108,22594
DA:109,22594
DA:112,22594
DA:114,22594
end_of_record
TN:
SF:/home/wruslan/workspaces-gnat/gnatstudio-c/gnat_c_cnc-04/src/reports/c_report_01.c
FN:9,proc_write_01_epsilon_processing_error_statistics
FNDA:2,proc_write_01_epsilon_processing_error_statistics
FN:43,proc_write_02_epsilon_count_range_value_statistics
FNDA:2,proc_write_02_epsilon_count_range_value_statistics
FN:80,proc_write_03_interpolated_point_statistics
FNDA:2,proc_write_03_interpolated_point_statistics
FN:104,proc_write_04_adjust_currfrate_to_currfrate_limit
FNDA:2,proc_write_04_adjust_currfrate_to_currfrate_limit
FN:139,proc_write_05_write_epsilon_chord_error_statistics
FNDA:2,proc_write_05_write_epsilon_chord_error_statistics
FN:168,proc_write_06_write_radius_of_curvature_rho_statistics
FNDA:2,proc_write_06_write_radius_of_curvature_rho_statistics
FN:194,proc_write_07_write_tangential_acceleration_statistics
FNDA:2,proc_write_07_write_tangential_acceleration_statistics
FN:222,proc_write_08_write_feedrate_statistics
FNDA:2,proc_write_08_write_feedrate_statistics
FN:250,proc_write_09_write_algorithm_efficiency_statistics
FNDA:2,proc_write_09_write_algorithm_efficiency_statistics
DA:9,2
DA:17,2
DA:18,2
DA:19,2
DA:20,2
DA:21,2
DA:22,2
DA:23,2
DA:24,2
DA:25,2
DA:26,2
DA:27,2
DA:29,2
DA:30,2
DA:31,2
DA:32,2
DA:33,2
DA:34,2
DA:35,2
DA:36,2
DA:37,2
DA:38,2
DA:39,2
DA:41,2
DA:43,2
DA:56,2
DA:57,2
DA:58,2
DA:59,2
DA:60,2
DA:61,2
DA:62,2
DA:63,2
DA:64,2
DA:66,2
DA:67,2
DA:68,2
DA:69,2
DA:70,2
DA:71,2
DA:72,2
DA:73,2
DA:74,2
DA:77,2
DA:80,2
DA:87,2
DA:88,2
DA:89,2
DA:90,2
DA:91,2
DA:92,2
DA:94,2
DA:95,2
DA:96,2
DA:97,2
DA:98,2
DA:99,2
DA:101,2
DA:104,2
DA:116,2
DA:117,2
DA:118,2
DA:119,2
DA:120,2
DA:121,2
DA:122,2
DA:123,2
DA:126,2
DA:127,2
DA:128,2
DA:129,2
DA:130,2
DA:131,2
DA:132,2
DA:133,2
DA:136,2
DA:139,2
DA:150,2
DA:151,2
DA:152,2
DA:153,2
DA:154,2
DA:158,2
DA:159,2
DA:160,2
DA:161,2
DA:162,2
DA:165,2
DA:168,2
DA:178,2
DA:179,2
DA:180,2
DA:181,2
DA:182,2
DA:186,2
DA:187,2
DA:188,2
DA:189,2
DA:190,2
DA:192,2
DA:194,2
DA:205,2
DA:206,2
DA:207,2
DA:208,2
DA:209,2
DA:213,2
DA:214,2
DA:215,2
DA:216,2
DA:217,2
DA:219,2
DA:222,2
DA:232,2
DA:233,2
DA:234,2
DA:235,2
DA:236,2
DA:240,2
DA:241,2
DA:242,2
DA:243,2
DA:244,2
DA:246,2
DA:250,2
DA:258,2
DA:259,2
DA:260,2
DA:261,2
DA:262,2
DA:263,2
DA:264,2
DA:265,2
DA:266,2
DA:267,2
DA:268,2
DA:269,2
DA:270,2
DA:271,2
DA:272,2
DA:273,2
DA:274,2
DA:275,2
DA:276,2
DA:277,2
DA:278,2
DA:279,2
DA:280,2
DA:281,2
DA:284,2
DA:285,2
DA:286,2
DA:287,2
DA:288,2
DA:289,2
DA:290,2
DA:291,2
DA:292,2
DA:293,2
DA:294,2
DA:295,2
DA:296,2
DA:297,2
DA:298,2
DA:299,2
DA:300,2
DA:301,2
DA:302,2
DA:303,2
DA:304,2
DA:305,2
DA:306,2
DA:307,2
DA:309,2
end_of_record
TN:
SF:/home/wruslan/workspaces-gnat/gnatstudio-c/gnat_c_cnc-04/src/algo/calc01_lookahead_length.c
FN:31,fxn_get_deceleration_profile
FNDA:45186,fxn_get_deceleration_profile
FN:54,fxn_get_time_lookahead_length
FNDA:45186,fxn_get_time_lookahead_length
FN:91,proc_writeheader_data_calc_t_look
FNDA:2,proc_writeheader_data_calc_t_look
FN:107,proc_writefooter_data_calc_t_look
FNDA:2,proc_writefooter_data_calc_t_look
FN:123,proc_write_calc_t_look
FNDA:22594,proc_write_calc_t_look
DA:31,45186
DA:37,45186
DA:38,45186
DA:40,45186
DA:42,45186
DA:44,43098
DA:46,2088
DA:49,45186
DA:54,45186
DA:64,45186
DA:66,43098
DA:67,43098
DA:68,43098
DA:69,43098
DA:71,43098
DA:76,45186
DA:78,2088
DA:79,2088
DA:80,2088
DA:82,2088
DA:86,45186
DA:91,2
DA:95,2
DA:99,2
DA:104,2
DA:107,2
DA:111,2
DA:115,2
DA:120,2
DA:123,22594
DA:130,22594
DA:133,22594
DA:136,22594
DA:137,22594
DA:140,22594
DA:141,22594
DA:144,22594
DA:151,22594
end_of_record
TN:
SF:/home/wruslan/workspaces-gnat/gnatstudio-c/gnat_c_cnc-04/src/algo/calc04_integration_error.c
FN:14,proc_writeheader_data_calc_intgr_error
FNDA:2,proc_writeheader_data_calc_intgr_error
FN:31,proc_writefooter_data_calc_intgr_error
FNDA:2,proc_writefooter_data_calc_intgr_error
FN:47,proc_write_calc_intgr_error
FNDA:22594,proc_write_calc_intgr_error
DA:14,2
DA:18,2
DA:22,2
DA:28,2
DA:31,2
DA:35,2
DA:40,2
DA:44,2
DA:47,22594
DA:57,22594
DA:58,22594
DA:59,22594
DA:61,22594
DA:62,22594
DA:63,22594
DA:64,22594
DA:65,22594
DA:66,22594
DA:67,22594
DA:68,22594
DA:71,22594
DA:79,22594
end_of_record
TN:
SF:/home/wruslan/workspaces-gnat/gnatstudio-c/gnat_c_cnc-04/src/algo/calc02_tang_accn_limit.c
FN:14,fxn_get_alpha
FNDA:316308,fxn_get_alpha
FN:33,fxn_get_beta
FNDA:316308,fxn_get_beta
FN:69,fxn_get_curr_tang_accn
FNDA:0,fxn_get_curr_tang_accn
FN:93,fxn_get_curr_norm_accn
FNDA:158154,fxn_get_curr_norm_accn
FN:117,fxn_get_max_tang_accn
FNDA:67780,fxn_get_max_tang_accn
FN:146,fxn_get_min_tang_accn
FNDA:67780,fxn_get_min_tang_accn
FN:177,proc_writeheader_data_calc_tang_accn
FNDA:2,proc_writeheader_data_calc_tang_accn
FN:194,proc_writefooter_data_calc_tang_accn
FNDA:2,proc_writefooter_data_calc_tang_accn
FN:211,proc_write_calc_tang_accn
FNDA:22594,proc_write_calc_tang_accn
DA:14,316308
DA:24,316308
DA:25,316308
DA:27,316308
DA:29,316308
DA:33,316308
DA:43,316308
DA:44,316308
DA:46,316308
DA:48,316308
DA:69,0
DA:76,0
DA:77,0
DA:81,0
DA:82,0
DA:84,0
DA:85,0
DA:86,0
DA:88,0
DA:93,158154
DA:100,158154
DA:101,158154
DA:104,158154
DA:105,158154
DA:107,158154
DA:108,158154
DA:110,158154
DA:112,158154
DA:117,67780
DA:121,67780
DA:122,67780
DA:123,67780
DA:124,67780
DA:125,67780
DA:128,67780
DA:129,67780
DA:132,67780
DA:133,67780
DA:136,67780
DA:142,67780
DA:146,67780
DA:151,67780
DA:152,67780
DA:153,67780
DA:154,67780
DA:155,67780
DA:158,67780
DA:159,67780
DA:162,67780
DA:163,67780
DA:166,67780
DA:172,67780
DA:177,2
DA:181,2
DA:185,2
DA:191,2
DA:194,2
DA:198,2
DA:204,2
DA:208,2
DA:211,22594
DA:216,22594
DA:217,22594
DA:220,22594
DA:222,22594
DA:223,22594
DA:225,22594
DA:226,22594
DA:228,22594
DA:231,22594
DA:237,22594
end_of_record
TN:
SF:/home/wruslan/workspaces-gnat/gnatstudio-c/gnat_c_cnc-04/src/algo/calc03_feedrate_limit.c
FN:59,fxn_get_feedrate_limit
FNDA:22592,fxn_get_feedrate_limit
FN:94,get_algo_feedrate_limit_1
FNDA:45186,get_algo_feedrate_limit_1
FN:120,get_algo_feedrate_limit_2
FNDA:45186,get_algo_feedrate_limit_2
FN:149,get_algo_feedrate_limit_3
FNDA:45186,get_algo_feedrate_limit_3
FN:173,get_algo_feedrate_limit_4
FNDA:45186,get_algo_feedrate_limit_4
FN:204,proc_writeheader_data_calc_frate_limit
FNDA:2,proc_writeheader_data_calc_frate_limit
FN:220,proc_writefooter_data_calc_frate_limit
FNDA:2,proc_writefooter_data_calc_frate_limit
FN:237,proc_write_calc_frate_limit
FNDA:22594,proc_write_calc_frate_limit
DA:59,22592
DA:68,22592
DA:69,22592
DA:72,22592
DA:73,22592
DA:74,22592
DA:75,22592
DA:77,22592
DA:78,22592
DA:79,22592
DA:80,22592
DA:83,22592
DA:90,22592
DA:94,45186
DA:102,45186
DA:114,45186
DA:120,45186
DA:126,45186
DA:127,45186
DA:129,45186
DA:130,45186
DA:133,45186
DA:134,45186
DA:137,45186
DA:145,45186
DA:149,45186
DA:155,45186
DA:156,45186
DA:159,45186
DA:160,45186
DA:162,45186
DA:169,45186
DA:173,45186
DA:182,45186
DA:183,45186
DA:184,45186
DA:186,45186
DA:187,45186
DA:190,45186
DA:191,45186
DA:194,45186
DA:200,45186
DA:204,2
DA:208,2
DA:212,2
DA:217,2
DA:220,2
DA:224,2
DA:229,2
DA:233,2
DA:237,22594
DA:245,22594
DA:246,22594
DA:249,22594
DA:250,22594
DA:251,22594
DA:252,22594
DA:254,22594
DA:255,22594
DA:256,22594
DA:257,22594
DA:260,22594
DA:266,22594
DA:268,22594
DA:272,22594
end_of_record
TN:
SF:/home/wruslan/workspaces-gnat/gnatstudio-c/gnat_c_cnc-04/src/algo/calc07_iterate_u_next.c
FN:24,proc_writeheader_data_calc_u_next
FNDA:2,proc_writeheader_data_calc_u_next
FN:39,proc_writefooter_data_calc_u_next
FNDA:2,proc_writefooter_data_calc_u_next
FN:56,proc_write_calc_u_next
FNDA:22594,proc_write_calc_u_next
FN:99,get_vee_runtime
FNDA:0,get_vee_runtime
FN:111,get_u_next_firstorder_runtime
FNDA:112964,get_u_next_firstorder_runtime
FN:122,fxn_increase_ru_next_closestto_epsilonlimit
FNDA:0,fxn_increase_ru_next_closestto_epsilonlimit
FN:149,fxn_decrease_ru_next_closestto_epsilonlimit
FNDA:0,fxn_decrease_ru_next_closestto_epsilonlimit
FN:176,get_u_next_secondorder_runtime
FNDA:67778,get_u_next_secondorder_runtime
FN:196,fxn_get_u_next_with_constrained_eps
FNDA:3440,fxn_get_u_next_with_constrained_eps
FN:248,fxn_get_u_next_with_eps_both_bounded
FNDA:0,fxn_get_u_next_with_eps_both_bounded
DA:24,2
DA:28,2
DA:31,2
DA:36,2
DA:39,2
DA:43,2
DA:50,2
DA:52,2
DA:56,22594
DA:63,22594
DA:64,22594
DA:65,22594
DA:67,22594
DA:68,22594
DA:69,22594
DA:71,22594
DA:72,22594
DA:75,22594
DA:77,8842
DA:80,22594
DA:82,6128
DA:86,22594
DA:87,22594
DA:88,22594
DA:90,22594
DA:95,22594
DA:99,0
DA:102,0
DA:103,0
DA:104,0
DA:105,0
DA:106,0
DA:108,0
DA:111,112964
DA:114,112964
DA:115,112964
DA:116,112964
DA:118,112964
DA:122,0
DA:126,0
DA:127,0
DA:128,0
DA:129,0
DA:130,0
DA:132,0
DA:134,0
DA:136,0
DA:137,0
DA:138,0
DA:141,0
DA:142,0
DA:144,0
DA:145,0
DA:149,0
DA:153,0
DA:154,0
DA:155,0
DA:156,0
DA:157,0
DA:159,0
DA:161,0
DA:163,0
DA:164,0
DA:165,0
DA:168,0
DA:169,0
DA:171,0
DA:172,0
DA:176,67778
DA:179,67778
DA:180,67778
DA:181,67778
DA:182,67778
DA:183,67778
DA:186,67778
DA:187,67778
DA:189,67778
DA:196,3440
DA:203,3440
DA:205,3440
DA:207,3440
DA:209,2800604
DA:213,2797164
DA:214,2797164
DA:216,2797164
DA:220,3440
DA:223,3440
DA:226,0
DA:227,0
DA:232,3440
DA:233,3440
DA:236,0
DA:237,0
DA:242,3440
DA:248,0
DA:254,0
DA:255,0
DA:257,0
DA:260,0
DA:263,0
DA:267,0
DA:270,0
DA:274,0
DA:281,0
DA:285,0
DA:286,0
DA:288,0
DA:289,0
DA:294,0
DA:296,0
DA:297,0
DA:303,0
DA:308,0
DA:311,0
DA:312,0
DA:318,0
end_of_record
